<?xml version="1.0" encoding="UTF-8"?>
<testng-results skipped="0" failed="0" total="1" passed="1">
  <reporter-output>
  </reporter-output>
  <suite name="Default suite" duration-ms="3350" started-at="2019-06-26T02:26:18Z" finished-at="2019-06-26T02:26:22Z">
    <groups>
    </groups>
    <test name="Default test" duration-ms="3350" started-at="2019-06-26T02:26:18Z" finished-at="2019-06-26T02:26:22Z">
      <class name="APITest.GetCatalogTest">
        <test-method status="PASS" signature="getAcceptanceTest()[pri:0, instance:APITest.GetCatalogTest@68be2bc2]" name="getAcceptanceTest" duration-ms="3337" started-at="2019-06-26T07:56:18Z" description="acceptance test" finished-at="2019-06-26T07:56:22Z">
          <reporter-output>
          </reporter-output>
        </test-method> <!-- getAcceptanceTest -->
      </class> <!-- APITest.GetCatalogTest -->
    </test> <!-- Default test -->
  </suite> <!-- Default suite -->
</testng-results>
